<?xml version="1.0" encoding="utf-8"?><testsuites><testsuite errors="0" failures="0" hostname="CI0020181" name="pytest" skipped="0" tests="4" time="1.962" timestamp="2020-11-03T10:01:38.483386"><testcase classname="system_tests.lewis_tests.TestLewis" name="test_list_available_devices" time="0.365" /><testcase classname="system_tests.lewis_tests.TestLewis" name="test_can_query_running_device" time="0.329" /><testcase classname="system_tests.lewis_tests.TestLewis" name="test_can_change_set_point" time="0.429" /><testcase classname="system_tests.lewis_tests.TestLewis" name="test_on_change_set_point_and_circulate_temperature_goes_to_setpoint" time="0.751" /></testsuite></testsuites>